2017-06-26 15:10:04 
Start install: /home/e/ellipsweru/shop4/public_html/tmp/JoomShopping-update-4.14.3-4.15.0.zip IP:77.37.212.23 UID:250
2017-06-26 15:10:04 Copy file: /administrator/components/com_jshopping/functions.php
2017-06-26 15:10:04 Copy file: /administrator/components/com_jshopping/jshopping.xml
2017-06-26 15:10:04 Copy file: /administrator/components/com_jshopping/controllers/baseadmin.php
2017-06-26 15:10:04 Copy file: /administrator/components/com_jshopping/controllers/categories.php
2017-06-26 15:10:04 Copy file: /administrator/components/com_jshopping/controllers/coupons.php
2017-06-26 15:10:04 Copy file: /administrator/components/com_jshopping/controllers/orders.php
2017-06-26 15:10:04 Copy file: /administrator/components/com_jshopping/controllers/products.php
2017-06-26 15:10:04 Copy file: /administrator/components/com_jshopping/controllers/update.php
2017-06-26 15:10:04 Copy file: /administrator/components/com_jshopping/controllers/users.php
2017-06-26 15:10:04 Copy file: /administrator/components/com_jshopping/install/install.php
2017-06-26 15:10:04 Copy file: /administrator/components/com_jshopping/install/install.sql
2017-06-26 15:10:04 Copy file: /administrator/components/com_jshopping/js/functions.js
2017-06-26 15:10:04 Copy file: /administrator/components/com_jshopping/lang/ru-RU.php
2017-06-26 15:10:04 Copy file: /administrator/components/com_jshopping/models/coupons.php
2017-06-26 15:10:04 Copy file: /administrator/components/com_jshopping/models/orders.php
2017-06-26 15:10:04 Copy file: /administrator/components/com_jshopping/views/category/tmpl/edit.php
2017-06-26 15:10:04 Copy file: /administrator/components/com_jshopping/views/coupons/tmpl/list.php
2017-06-26 15:10:04 Copy file: /administrator/components/com_jshopping/views/manufacturer/tmpl/edit.php
2017-06-26 15:10:04 Copy file: /administrator/components/com_jshopping/views/orders/tmpl/edit.php
2017-06-26 15:10:04 Copy file: /administrator/components/com_jshopping/views/orders/tmpl/list.php
2017-06-26 15:10:04 Copy file: /administrator/components/com_jshopping/views/product_edit/tmpl/attribute.php
2017-06-26 15:10:04 Copy file: /administrator/components/com_jshopping/views/product_edit/tmpl/default.php
2017-06-26 15:10:04 Copy file: /administrator/components/com_jshopping/views/product_edit/tmpl/info.php
2017-06-26 15:10:04 Copy file: /administrator/components/com_jshopping/views/product_list/tmpl/default.php
2017-06-26 15:10:04 Copy file: /administrator/components/com_jshopping/views/product_list/tmpl/selectable.php
2017-06-26 15:10:04 Copy file: /administrator/components/com_jshopping/views/update/tmpl/default.php
2017-06-26 15:10:04 Copy file: /administrator/components/com_jshopping/views/users/tmpl/edit.php
2017-06-26 15:10:04 Copy file: /administrator/components/com_jshopping/views/users/tmpl/list.php
2017-06-26 15:10:04 Copy file: /components/com_jshopping/router.php
2017-06-26 15:10:04 Copy file: /components/com_jshopping/controllers/cart.php
2017-06-26 15:10:04 Copy file: /components/com_jshopping/controllers/user.php
2017-06-26 15:10:05 Copy file: /components/com_jshopping/css/default.css
2017-06-26 15:10:05 Copy file: /components/com_jshopping/lang/de-DE.php
2017-06-26 15:10:05 Copy file: /components/com_jshopping/lang/en-GB.php
2017-06-26 15:10:05 Copy file: /components/com_jshopping/lang/ru-RU.php
2017-06-26 15:10:05 Copy file: /components/com_jshopping/lib/default_config.php
2017-06-26 15:10:05 Copy file: /components/com_jshopping/lib/shop_item_menu.php
2017-06-26 15:10:05 Copy file: /components/com_jshopping/models/cart.php
2017-06-26 15:10:05 Copy file: /components/com_jshopping/tables/config.php
2017-06-26 15:10:05 Copy file: /components/com_jshopping/tables/order.php
2017-06-26 15:10:05 Copy file: /components/com_jshopping/tables/product.php
2017-06-26 15:10:05 Copy file: /components/com_jshopping/templates/default/cart/cart.php
2017-06-26 15:10:10 
Start install: /home/e/ellipsweru/shop4/public_html/tmp/JoomShopping-update-4.15.0-4.15.1.zip IP:77.37.212.23 UID:250
2017-06-26 15:10:10 Copy file: /administrator/components/com_jshopping/jshopping.xml
2017-06-26 15:10:10 Copy file: /administrator/components/com_jshopping/controllers/logs.php
2017-06-26 15:10:10 Copy file: /administrator/components/com_jshopping/controllers/reviews.php
2017-06-26 15:10:10 Copy file: /administrator/components/com_jshopping/views/comments/tmpl/edit.php
2017-06-26 15:10:10 Copy file: /administrator/components/com_jshopping/views/comments/tmpl/list.php
2017-06-26 15:10:10 Copy file: /administrator/components/com_jshopping/views/orders/tmpl/edit.php
2017-06-26 15:10:10 Copy file: /administrator/components/com_jshopping/views/orders/tmpl/show.php
2017-06-26 15:10:10 Copy file: /components/com_jshopping/controllers/cart.php
2017-06-26 15:10:10 Copy file: /components/com_jshopping/controllers/checkout.php
2017-06-26 15:10:10 Copy file: /components/com_jshopping/controllers/user.php
2017-06-26 15:10:10 Copy file: /components/com_jshopping/helpers/cart.php
2017-06-26 15:10:10 Copy file: /components/com_jshopping/lang/de-DE.php
2017-06-26 15:10:10 Copy file: /components/com_jshopping/lang/en-GB.php
2017-06-26 15:10:10 Copy file: /components/com_jshopping/lang/ru-RU.php
2017-06-26 15:10:10 Copy file: /components/com_jshopping/lib/default_config.php
2017-06-26 15:10:10 Copy file: /components/com_jshopping/models/cart.php
2017-06-26 15:10:10 Copy file: /components/com_jshopping/models/cartpreview.php
2017-06-26 15:10:10 Copy file: /components/com_jshopping/models/checkout.php
2017-06-26 15:10:10 Copy file: /components/com_jshopping/models/checkoutbuy.php
2017-06-26 15:10:10 Copy file: /components/com_jshopping/payments/payment.php
2017-06-26 15:10:10 Copy file: /components/com_jshopping/templates/default/cart/cart.php
2017-06-26 15:10:10 Copy file: /components/com_jshopping/templates/default/list_products/product.php
2017-06-26 15:10:10 Copy file: /components/com_jshopping/templates/default/product/ratingandhits.php
2017-06-26 15:10:10 Copy file: /components/com_jshopping/templates/default/product/review.php
2017-06-26 15:10:10 Copy file: /components/com_jshopping/templates/default/user/login.php
2017-06-26 15:10:10 Copy file: /components/com_jshopping/templates/default/user/myaccount.php
2018-04-23 10:29:52 
Start install: /home/e/ellipsweru/shop4/public_html/tmp/JoomShopping-update-4.15.1-4.16.0.zip IP:77.37.212.23 UID:250
2020-12-18 11:07:27 
Start install: /home/e/ellipsweru/shop/public_html/tmp/addon_jshopping_plus_minus_count_product_1.7_for_3.7.zip IP:77.37.212.23 UID:250
2020-12-18 11:07:27 Copy file: /components/com_jshopping/addons/jshopping_plus_minus_count_product/license.txt
2020-12-18 11:07:27 Copy file: /components/com_jshopping/addons/jshopping_plus_minus_count_product/uninstall.php
2020-12-18 11:07:27 Copy file: /plugins/jshoppingcheckout/plus_minus_count_product/plus_minus_count_product.php
2020-12-18 11:07:27 Copy file: /plugins/jshoppingcheckout/plus_minus_count_product/plus_minus_count_product.xml
2020-12-18 11:07:27 Copy file: /plugins/jshoppingproducts/plus_minus_count_product/plus_minus_count_product.php
2020-12-18 11:07:27 Copy file: /plugins/jshoppingproducts/plus_minus_count_product/plus_minus_count_product.xml
2021-08-24 17:06:35 
Start install: /home/e/ellipsweru/shop_ellips-web_ru/public_html/tmp/product_quantity_select_buttons_pay.zip IP:85.249.19.244 UID:250
2021-08-24 17:06:35 Copy file: /plugins/jshoppingproducts/product_quantity_select_buttons/helper_count.php
2021-08-24 17:06:35 Copy file: /plugins/jshoppingproducts/product_quantity_select_buttons/helper_count_cart.php
2021-08-24 17:06:35 Copy file: /plugins/jshoppingproducts/product_quantity_select_buttons/helper_count_list.php
2021-08-24 17:06:35 Copy file: /plugins/jshoppingproducts/product_quantity_select_buttons/index.html
2021-08-24 17:06:35 Copy file: /plugins/jshoppingproducts/product_quantity_select_buttons/product_quantity_select_buttons.php
2021-08-24 17:06:35 Copy file: /plugins/jshoppingproducts/product_quantity_select_buttons/product_quantity_select_buttons.xml
2021-08-24 17:06:35 Copy file: /plugins/jshoppingproducts/product_quantity_select_buttons/style.css
